<?xml version="1.0" encoding="UTF-8"?>
<!-- Generated by org.testng.reporters.JUnitReportReporter -->
<testsuite hostname="DESKTOP-F3KN5S4" failures="0" tests="1" name="meesho.meeshonew" time="5.532" errors="0" timestamp="2023-06-22T07:10:01 BST" skipped="0">
  <testcase classname="meesho.meeshonew" name="mesh" time="5.532"/>
  <system-out/>
</testsuite> <!-- meesho.meeshonew -->
